C:\USERS\HLU\DOCUMENTS\VISUAL STUDIO 2012\PROJECTS\LIGHT CONNECT\JABBERPLUGIN\RELEASE\JABBERPLUGIN.PCH
C:\USERS\HLU\DOCUMENTS\VISUAL STUDIO 2012\PROJECTS\LIGHT CONNECT\JABBERPLUGIN\RELEASE\STDAFX.OBJ
C:\USERS\HLU\DOCUMENTS\VISUAL STUDIO 2012\PROJECTS\LIGHT CONNECT\JABBERPLUGIN\RELEASE\VC110.PDB
C:\USERS\HLU\DOCUMENTS\VISUAL STUDIO 2012\PROJECTS\LIGHT CONNECT\JABBERPLUGIN\RELEASE\MSGWINDOW.OBJ
C:\USERS\HLU\DOCUMENTS\VISUAL STUDIO 2012\PROJECTS\LIGHT CONNECT\JABBERPLUGIN\RELEASE\JABBERPLUGIN.OBJ
C:\Users\hlu\Documents\Visual Studio 2012\Projects\Light Connect\Release\JabberPlugin.lib
C:\Users\hlu\Documents\Visual Studio 2012\Projects\Light Connect\Release\JabberPlugin.exp
C:\USERS\HLU\DOCUMENTS\VISUAL STUDIO 2012\PROJECTS\LIGHT CONNECT\RELEASE\JABBERPLUGIN.DLL
C:\USERS\HLU\DOCUMENTS\VISUAL STUDIO 2012\PROJECTS\LIGHT CONNECT\RELEASE\JABBERPLUGIN.PDB
C:\Users\hlu\Documents\Visual Studio 2012\Projects\Light Connect\JabberPlugin\Release\JabberPlugin.obj
C:\Users\hlu\Documents\Visual Studio 2012\Projects\Light Connect\JabberPlugin\Release\MsgWindow.obj
C:\Users\hlu\Documents\Visual Studio 2012\Projects\Light Connect\JabberPlugin\Release\stdafx.obj
C:\Users\hlu\Documents\Visual Studio 2012\Projects\Light Connect\JabberPlugin\Release\cl.command.1.tlog
C:\Users\hlu\Documents\Visual Studio 2012\Projects\Light Connect\JabberPlugin\Release\CL.read.1.tlog
C:\Users\hlu\Documents\Visual Studio 2012\Projects\Light Connect\JabberPlugin\Release\CL.write.1.tlog
C:\Users\hlu\Documents\Visual Studio 2012\Projects\Light Connect\JabberPlugin\Release\JabberPlugin.write.1.tlog
C:\Users\hlu\Documents\Visual Studio 2012\Projects\Light Connect\JabberPlugin\Release\link-cvtres.read.1.tlog
C:\Users\hlu\Documents\Visual Studio 2012\Projects\Light Connect\JabberPlugin\Release\link-cvtres.write.1.tlog
C:\Users\hlu\Documents\Visual Studio 2012\Projects\Light Connect\JabberPlugin\Release\link-rc.read.1.tlog
C:\Users\hlu\Documents\Visual Studio 2012\Projects\Light Connect\JabberPlugin\Release\link-rc.write.1.tlog
C:\Users\hlu\Documents\Visual Studio 2012\Projects\Light Connect\JabberPlugin\Release\link.command.1.tlog
C:\Users\hlu\Documents\Visual Studio 2012\Projects\Light Connect\JabberPlugin\Release\link.read.1.tlog
C:\Users\hlu\Documents\Visual Studio 2012\Projects\Light Connect\JabberPlugin\Release\link.write.1.tlog
C:\Users\hlu\Documents\Visual Studio 2012\Projects\Light Connect\JabberPlugin\Release\JabberPlugin.pch
C:\Users\hlu\Documents\Visual Studio 2012\Projects\Light Connect\JabberPlugin\Release\vc110.pdb
C:\Users\hlu\Documents\Visual Studio 2012\Projects\Light Connect\Release\JabberPlugin.pdb
C:\Users\hlu\Documents\Visual Studio 2012\Projects\Light Connect\Release\JabberPlugin.dll
